[2.136s] DEBUG:colcon:Command line arguments: ['/usr/bin/colcon', 'build']
[2.136s] DEBUG:colcon:Parsed command line arguments: Namespace(log_base=None, log_level=None, verb_name='build', build_base='build', install_base='install', merge_install=False, symlink_install=False, test_result_base=None, continue_on_error=False, executor='parallel', parallel_workers=8, event_handlers=None, ignore_user_meta=False, metas=['./colcon.meta'], base_paths=['.'], packages_ignore=None, packages_ignore_regex=None, paths=None, packages_up_to=None, packages_up_to_regex=None, packages_above=None, packages_above_and_dependencies=None, packages_above_depth=None, packages_select_by_dep=None, packages_skip_by_dep=None, packages_skip_up_to=None, packages_select_build_failed=False, packages_skip_build_finished=False, packages_select_test_failures=False, packages_skip_test_passed=False, packages_select=None, packages_skip=None, packages_select_regex=None, packages_skip_regex=None, packages_start=None, packages_end=None, allow_overriding=[], cmake_args=None, cmake_target=None, cmake_target_skip_unavailable=False, cmake_clean_cache=False, cmake_clean_first=False, cmake_force_configure=False, ament_cmake_args=None, catkin_cmake_args=None, catkin_skip_building_tests=False, verb_parser=<colcon_defaults.argument_parser.defaults.DefaultArgumentsDecorator object at 0x7f3e5384d3f0>, verb_extension=<colcon_core.verb.build.BuildVerb object at 0x7f3e5384dd20>, main=<bound method BuildVerb.main of <colcon_core.verb.build.BuildVerb object at 0x7f3e5384dd20>>)
[2.217s] Level 1:colcon.colcon_core.package_discovery:discover_packages(colcon_meta) check parameters
[2.218s] Level 1:colcon.colcon_core.package_discovery:discover_packages(recursive) check parameters
[2.218s] Level 1:colcon.colcon_core.package_discovery:discover_packages(ignore) check parameters
[2.218s] Level 1:colcon.colcon_core.package_discovery:discover_packages(path) check parameters
[2.218s] Level 1:colcon.colcon_core.package_discovery:discover_packages(colcon_meta) discover
[2.218s] Level 1:colcon.colcon_core.package_discovery:discover_packages(recursive) discover
[2.218s] INFO:colcon.colcon_core.package_discovery:Crawling recursively for packages in '/home/rcameron/robotics24/src'
[2.218s] Level 1:colcon.colcon_core.package_identification:_identify(.) by extensions ['ignore', 'ignore_ament_install']
[2.219s] Level 1:colcon.colcon_core.package_identification:_identify(.) by extension 'ignore'
[2.219s] Level 1:colcon.colcon_core.package_identification:_identify(.) by extension 'ignore_ament_install'
[2.219s] Level 1:colcon.colcon_core.package_identification:_identify(.) by extensions ['colcon_pkg']
[2.219s] Level 1:colcon.colcon_core.package_identification:_identify(.) by extension 'colcon_pkg'
[2.219s] Level 1:colcon.colcon_core.package_identification:_identify(.) by extensions ['colcon_meta']
[2.219s] Level 1:colcon.colcon_core.package_identification:_identify(.) by extension 'colcon_meta'
[2.219s] Level 1:colcon.colcon_core.package_identification:_identify(.) by extensions ['ros']
[2.219s] Level 1:colcon.colcon_core.package_identification:_identify(.) by extension 'ros'
[2.243s] Level 1:colcon.colcon_core.package_identification:_identify(.) by extensions ['cmake', 'python']
[2.243s] Level 1:colcon.colcon_core.package_identification:_identify(.) by extension 'cmake'
[2.244s] Level 1:colcon.colcon_core.package_identification:_identify(.) by extension 'python'
[2.244s] Level 1:colcon.colcon_core.package_identification:_identify(.) by extensions ['python_setup_py']
[2.244s] Level 1:colcon.colcon_core.package_identification:_identify(.) by extension 'python_setup_py'
[2.244s] Level 1:colcon.colcon_core.package_identification:_identify(build) by extensions ['ignore', 'ignore_ament_install']
[2.244s] Level 1:colcon.colcon_core.package_identification:_identify(build) by extension 'ignore'
[2.244s] Level 1:colcon.colcon_core.package_identification:_identify(build) ignored
[2.245s] Level 1:colcon.colcon_core.package_identification:_identify(controller) by extensions ['ignore', 'ignore_ament_install']
[2.245s] Level 1:colcon.colcon_core.package_identification:_identify(controller) by extension 'ignore'
[2.245s] Level 1:colcon.colcon_core.package_identification:_identify(controller) by extension 'ignore_ament_install'
[2.245s] Level 1:colcon.colcon_core.package_identification:_identify(controller) by extensions ['colcon_pkg']
[2.245s] Level 1:colcon.colcon_core.package_identification:_identify(controller) by extension 'colcon_pkg'
[2.245s] Level 1:colcon.colcon_core.package_identification:_identify(controller) by extensions ['colcon_meta']
[2.245s] Level 1:colcon.colcon_core.package_identification:_identify(controller) by extension 'colcon_meta'
[2.245s] Level 1:colcon.colcon_core.package_identification:_identify(controller) by extensions ['ros']
[2.245s] Level 1:colcon.colcon_core.package_identification:_identify(controller) by extension 'ros'
[2.251s] DEBUG:colcon.colcon_core.package_identification:Package 'controller' with type 'ros.ament_python' and name 'controller'
[2.251s] Level 1:colcon.colcon_core.package_identification:_identify(install) by extensions ['ignore', 'ignore_ament_install']
[2.251s] Level 1:colcon.colcon_core.package_identification:_identify(install) by extension 'ignore'
[2.251s] Level 1:colcon.colcon_core.package_identification:_identify(install) ignored
[2.252s] Level 1:colcon.colcon_core.package_identification:_identify(log) by extensions ['ignore', 'ignore_ament_install']
[2.252s] Level 1:colcon.colcon_core.package_identification:_identify(log) by extension 'ignore'
[2.252s] Level 1:colcon.colcon_core.package_identification:_identify(log) ignored
[2.252s] Level 1:colcon.colcon_core.package_discovery:discover_packages(recursive) using defaults
[2.252s] Level 1:colcon.colcon_core.package_discovery:discover_packages(ignore) discover
[2.252s] Level 1:colcon.colcon_core.package_discovery:discover_packages(ignore) using defaults
[2.252s] Level 1:colcon.colcon_core.package_discovery:discover_packages(path) discover
[2.252s] Level 1:colcon.colcon_core.package_discovery:discover_packages(path) using defaults
[2.436s] Level 1:colcon.colcon_core.package_discovery:discover_packages(prefix_path) check parameters
[2.436s] Level 1:colcon.colcon_core.package_discovery:discover_packages(prefix_path) discover
[2.484s] DEBUG:colcon.colcon_installed_package_information.package_discovery:Found 1 installed packages in /home/rcameron/robotics24/install
[2.508s] DEBUG:colcon.colcon_installed_package_information.package_discovery:Found 270 installed packages in /opt/ros/humble
[2.510s] Level 1:colcon.colcon_core.package_discovery:discover_packages(prefix_path) using defaults
[2.660s] Level 5:colcon.colcon_core.verb:set package 'controller' build argument 'cmake_args' from command line to 'None'
[2.660s] Level 5:colcon.colcon_core.verb:set package 'controller' build argument 'cmake_target' from command line to 'None'
[2.660s] Level 5:colcon.colcon_core.verb:set package 'controller' build argument 'cmake_target_skip_unavailable' from command line to 'False'
[2.660s] Level 5:colcon.colcon_core.verb:set package 'controller' build argument 'cmake_clean_cache' from command line to 'False'
[2.660s] Level 5:colcon.colcon_core.verb:set package 'controller' build argument 'cmake_clean_first' from command line to 'False'
[2.660s] Level 5:colcon.colcon_core.verb:set package 'controller' build argument 'cmake_force_configure' from command line to 'False'
[2.660s] Level 5:colcon.colcon_core.verb:set package 'controller' build argument 'ament_cmake_args' from command line to 'None'
[2.660s] Level 5:colcon.colcon_core.verb:set package 'controller' build argument 'catkin_cmake_args' from command line to 'None'
[2.660s] Level 5:colcon.colcon_core.verb:set package 'controller' build argument 'catkin_skip_building_tests' from command line to 'False'
[2.660s] DEBUG:colcon.colcon_core.verb:Building package 'controller' with the following arguments: {'ament_cmake_args': None, 'build_base': '/home/rcameron/robotics24/src/build/controller', 'catkin_cmake_args': None, 'catkin_skip_building_tests': False, 'cmake_args': None, 'cmake_clean_cache': False, 'cmake_clean_first': False, 'cmake_force_configure': False, 'cmake_target': None, 'cmake_target_skip_unavailable': False, 'install_base': '/home/rcameron/robotics24/src/install/controller', 'merge_install': False, 'path': '/home/rcameron/robotics24/src/controller', 'symlink_install': False, 'test_result_base': None}
[2.682s] INFO:colcon.colcon_core.executor:Executing jobs using 'parallel' executor
[2.706s] DEBUG:colcon.colcon_parallel_executor.executor.parallel:run_until_complete
[2.707s] INFO:colcon.colcon_ros.task.ament_python.build:Building ROS package in '/home/rcameron/robotics24/src/controller' with build type 'ament_python'
[2.707s] Level 1:colcon.colcon_core.shell:create_environment_hook('controller', 'ament_prefix_path')
[2.738s] INFO:colcon.colcon_core.plugin_system:Skipping extension 'colcon_core.shell.bat': Not used on non-Windows systems
[2.739s] INFO:colcon.colcon_core.shell:Creating environment hook '/home/rcameron/robotics24/src/install/controller/share/controller/hook/ament_prefix_path.ps1'
[2.742s] INFO:colcon.colcon_core.shell:Creating environment descriptor '/home/rcameron/robotics24/src/install/controller/share/controller/hook/ament_prefix_path.dsv'
[2.743s] INFO:colcon.colcon_core.shell:Creating environment hook '/home/rcameron/robotics24/src/install/controller/share/controller/hook/ament_prefix_path.sh'
[2.766s] INFO:colcon.colcon_core.shell:Skip shell extension 'powershell' for command environment: Not usable outside of PowerShell
[2.766s] DEBUG:colcon.colcon_core.shell:Skip shell extension 'dsv' for command environment
[3.595s] INFO:colcon.colcon_core.task.python.build:Building Python package in '/home/rcameron/robotics24/src/controller'
[3.631s] INFO:colcon.colcon_core.shell:Skip shell extension 'powershell' for command environment: Not usable outside of PowerShell
[3.632s] DEBUG:colcon.colcon_core.shell:Skip shell extension 'dsv' for command environment
[4.491s] DEBUG:colcon.colcon_core.event_handler.log_command:Invoking command in '/home/rcameron/robotics24/src/controller': PYTHONPATH=/home/rcameron/robotics24/src/build/controller/prefix_override:/home/rcameron/robotics24/src/install/controller/lib/python3.10/site-packages:${PYTHONPATH} /usr/bin/python3 setup.py egg_info --egg-base ../build/controller build --build-base /home/rcameron/robotics24/src/build/controller/build install --record /home/rcameron/robotics24/src/build/controller/install.log --single-version-externally-managed
[5.164s] DEBUG:colcon.colcon_core.event_handler.log_command:Invoked command in '/home/rcameron/robotics24/src/controller' returned '0': PYTHONPATH=/home/rcameron/robotics24/src/build/controller/prefix_override:/home/rcameron/robotics24/src/install/controller/lib/python3.10/site-packages:${PYTHONPATH} /usr/bin/python3 setup.py egg_info --egg-base ../build/controller build --build-base /home/rcameron/robotics24/src/build/controller/build install --record /home/rcameron/robotics24/src/build/controller/install.log --single-version-externally-managed
[5.195s] Level 1:colcon.colcon_core.environment:checking '/home/rcameron/robotics24/src/install/controller' for CMake module files
[5.196s] Level 1:colcon.colcon_core.environment:checking '/home/rcameron/robotics24/src/install/controller' for CMake config files
[5.197s] Level 1:colcon.colcon_core.environment:checking '/home/rcameron/robotics24/src/install/controller/lib'
[5.198s] Level 1:colcon.colcon_core.environment:checking '/home/rcameron/robotics24/src/install/controller/bin'
[5.198s] Level 1:colcon.colcon_core.environment:checking '/home/rcameron/robotics24/src/install/controller/lib/pkgconfig/controller.pc'
[5.198s] Level 1:colcon.colcon_core.environment:checking '/home/rcameron/robotics24/src/install/controller/lib/python3.10/site-packages'
[5.199s] Level 1:colcon.colcon_core.shell:create_environment_hook('controller', 'pythonpath')
[5.221s] INFO:colcon.colcon_core.shell:Creating environment hook '/home/rcameron/robotics24/src/install/controller/share/controller/hook/pythonpath.ps1'
[5.222s] INFO:colcon.colcon_core.shell:Creating environment descriptor '/home/rcameron/robotics24/src/install/controller/share/controller/hook/pythonpath.dsv'
[5.223s] INFO:colcon.colcon_core.shell:Creating environment hook '/home/rcameron/robotics24/src/install/controller/share/controller/hook/pythonpath.sh'
[5.224s] Level 1:colcon.colcon_core.environment:checking '/home/rcameron/robotics24/src/install/controller/bin'
[5.224s] Level 1:colcon.colcon_core.environment:create_environment_scripts_only(controller)
[5.254s] INFO:colcon.colcon_core.shell:Creating package script '/home/rcameron/robotics24/src/install/controller/share/controller/package.ps1'
[5.257s] INFO:colcon.colcon_core.shell:Creating package descriptor '/home/rcameron/robotics24/src/install/controller/share/controller/package.dsv'
[5.260s] INFO:colcon.colcon_core.shell:Creating package script '/home/rcameron/robotics24/src/install/controller/share/controller/package.sh'
[5.262s] INFO:colcon.colcon_core.shell:Creating package script '/home/rcameron/robotics24/src/install/controller/share/controller/package.bash'
[5.265s] INFO:colcon.colcon_core.shell:Creating package script '/home/rcameron/robotics24/src/install/controller/share/controller/package.zsh'
[5.267s] Level 1:colcon.colcon_core.environment:create_file_with_runtime_dependencies(/home/rcameron/robotics24/src/install/controller/share/colcon-core/packages/controller)
[5.269s] DEBUG:colcon.colcon_parallel_executor.executor.parallel:closing loop
[5.270s] DEBUG:colcon.colcon_parallel_executor.executor.parallel:loop closed
[5.271s] DEBUG:colcon.colcon_parallel_executor.executor.parallel:run_until_complete finished with '0'
[5.271s] DEBUG:colcon.colcon_core.event_reactor:joining thread
[5.464s] INFO:colcon.colcon_core.plugin_system:Skipping extension 'colcon_notification.desktop_notification.notify_send': Could not find 'notify-send'
[5.465s] INFO:colcon.colcon_core.plugin_system:Skipping extension 'colcon_notification.desktop_notification.terminal_notifier': Not used on non-Darwin systems
[5.465s] INFO:colcon.colcon_core.plugin_system:Skipping extension 'colcon_notification.desktop_notification.win32': Not used on non-Windows systems
[5.465s] INFO:colcon.colcon_notification.desktop_notification:Sending desktop notification using 'notify2'
[5.465s] DEBUG:colcon.colcon_notification.desktop_notification.notify2:Failed to initialize notify2: org.freedesktop.DBus.Error.FileNotFound: Failed to connect to socket /run/user/1000/bus: No such file or directory
[5.466s] DEBUG:colcon.colcon_core.event_reactor:joined thread
[5.495s] INFO:colcon.colcon_core.shell:Creating prefix script '/home/rcameron/robotics24/src/install/local_setup.ps1'
[5.497s] INFO:colcon.colcon_core.shell:Creating prefix util module '/home/rcameron/robotics24/src/install/_local_setup_util_ps1.py'
[5.500s] INFO:colcon.colcon_core.shell:Creating prefix chain script '/home/rcameron/robotics24/src/install/setup.ps1'
[5.529s] INFO:colcon.colcon_core.shell:Creating prefix script '/home/rcameron/robotics24/src/install/local_setup.sh'
[5.531s] INFO:colcon.colcon_core.shell:Creating prefix util module '/home/rcameron/robotics24/src/install/_local_setup_util_sh.py'
[5.533s] INFO:colcon.colcon_core.shell:Creating prefix chain script '/home/rcameron/robotics24/src/install/setup.sh'
[5.563s] INFO:colcon.colcon_core.shell:Creating prefix script '/home/rcameron/robotics24/src/install/local_setup.bash'
[5.564s] INFO:colcon.colcon_core.shell:Creating prefix chain script '/home/rcameron/robotics24/src/install/setup.bash'
[5.590s] INFO:colcon.colcon_core.shell:Creating prefix script '/home/rcameron/robotics24/src/install/local_setup.zsh'
[5.591s] INFO:colcon.colcon_core.shell:Creating prefix chain script '/home/rcameron/robotics24/src/install/setup.zsh'
