[1.777s] Invoking command in '/home/rcameron/robotics24/src/controller': PYTHONPATH=/home/rcameron/robotics24/src/build/controller/prefix_override:/home/rcameron/robotics24/src/install/controller/lib/python3.10/site-packages:${PYTHONPATH} /usr/bin/python3 setup.py egg_info --egg-base ../build/controller build --build-base /home/rcameron/robotics24/src/build/controller/build install --record /home/rcameron/robotics24/src/build/controller/install.log --single-version-externally-managed
[2.232s] running egg_info
[2.233s] creating ../build/controller/controller.egg-info
[2.234s] writing ../build/controller/controller.egg-info/PKG-INFO
[2.235s] writing dependency_links to ../build/controller/controller.egg-info/dependency_links.txt
[2.235s] writing entry points to ../build/controller/controller.egg-info/entry_points.txt
[2.235s] writing requirements to ../build/controller/controller.egg-info/requires.txt
[2.235s] writing top-level names to ../build/controller/controller.egg-info/top_level.txt
[2.236s] writing manifest file '../build/controller/controller.egg-info/SOURCES.txt'
[2.239s] reading manifest file '../build/controller/controller.egg-info/SOURCES.txt'
[2.241s] writing manifest file '../build/controller/controller.egg-info/SOURCES.txt'
[2.242s] running build
[2.242s] running build_py
[2.242s] creating /home/rcameron/robotics24/src/build/controller/build
[2.243s] creating /home/rcameron/robotics24/src/build/controller/build/lib
[2.243s] creating /home/rcameron/robotics24/src/build/controller/build/lib/controller
[2.244s] copying controller/__init__.py -> /home/rcameron/robotics24/src/build/controller/build/lib/controller
[2.244s] copying controller/my_first_node.py -> /home/rcameron/robotics24/src/build/controller/build/lib/controller
[2.244s] running install
[2.245s] running install_lib
[2.247s] creating /home/rcameron/robotics24/src/install/controller/lib/python3.10/site-packages/controller
[2.248s] copying /home/rcameron/robotics24/src/build/controller/build/lib/controller/__init__.py -> /home/rcameron/robotics24/src/install/controller/lib/python3.10/site-packages/controller
[2.248s] copying /home/rcameron/robotics24/src/build/controller/build/lib/controller/my_first_node.py -> /home/rcameron/robotics24/src/install/controller/lib/python3.10/site-packages/controller
[2.249s] byte-compiling /home/rcameron/robotics24/src/install/controller/lib/python3.10/site-packages/controller/__init__.py to __init__.cpython-310.pyc
[2.250s] byte-compiling /home/rcameron/robotics24/src/install/controller/lib/python3.10/site-packages/controller/my_first_node.py to my_first_node.cpython-310.pyc
[2.250s] running install_data
[2.251s] creating /home/rcameron/robotics24/src/install/controller/share/ament_index
[2.252s] creating /home/rcameron/robotics24/src/install/controller/share/ament_index/resource_index
[2.253s] creating /home/rcameron/robotics24/src/install/controller/share/ament_index/resource_index/packages
[2.253s] copying resource/controller -> /home/rcameron/robotics24/src/install/controller/share/ament_index/resource_index/packages
[2.254s] copying package.xml -> /home/rcameron/robotics24/src/install/controller/share/controller
[2.254s] running install_egg_info
[2.257s] Copying ../build/controller/controller.egg-info to /home/rcameron/robotics24/src/install/controller/lib/python3.10/site-packages/controller-0.0.0-py3.10.egg-info
[2.259s] running install_scripts
[2.334s] Installing test_node script to /home/rcameron/robotics24/src/install/controller/lib/controller
[2.338s] writing list of installed files to '/home/rcameron/robotics24/src/build/controller/install.log'
[2.449s] Invoked command in '/home/rcameron/robotics24/src/controller' returned '0': PYTHONPATH=/home/rcameron/robotics24/src/build/controller/prefix_override:/home/rcameron/robotics24/src/install/controller/lib/python3.10/site-packages:${PYTHONPATH} /usr/bin/python3 setup.py egg_info --egg-base ../build/controller build --build-base /home/rcameron/robotics24/src/build/controller/build install --record /home/rcameron/robotics24/src/build/controller/install.log --single-version-externally-managed
